2026-04-08 19:48:36 | INFO | P5 | === RUN START ===
2026-04-08 19:48:36 | INFO | P5 | project=CINTEL
2026-04-08 19:48:36 | INFO | P5 | repo_dir=cintel-05-drift-detection
2026-04-08 19:48:36 | INFO | P5 | python=3.14.2
2026-04-08 19:48:36 | INFO | P5 | os=Windows 11
2026-04-08 19:48:36 | INFO | P5 | shell=powershell
2026-04-08 19:48:36 | INFO | P5 | cwd=.
2026-04-08 19:48:36 | INFO | P5 | github_actions=False
2026-04-08 19:48:36 | INFO | P5 | ========================
2026-04-08 19:48:36 | INFO | P5 | START main()
2026-04-08 19:48:36 | INFO | P5 | ========================
2026-04-08 19:48:36 | INFO | P5 | ROOT_DIR = .
2026-04-08 19:48:36 | INFO | P5 | REFERENCE_FILE = data\reference_metrics_case.csv
2026-04-08 19:48:36 | INFO | P5 | CURRENT_FILE = data\current_metrics_case.csv
2026-04-08 19:48:36 | INFO | P5 | OUTPUT_FILE = artifacts\drift_summary_case.csv
2026-04-08 19:48:36 | INFO | P5 | ARTIFACTS_DIR = artifacts
2026-04-08 19:48:36 | INFO | P5 | Loaded 10 reference records
2026-04-08 19:48:36 | INFO | P5 | Loaded 10 current records
2026-04-08 19:48:36 | INFO | P5 | Calculated summary differences and drift flags
2026-04-08 19:48:36 | INFO | P5 | Wrote drift summary file: C:\Repos\cintel-05-drift-detection\artifacts\drift_summary_case.csv
2026-04-08 19:48:36 | INFO | P5 | Drift summary dataframe:
2026-04-08 19:48:36 | INFO | P5 | shape: (1, 12)
в”Ңв”Җв”Җв”Җв”Җв”Җв”¬в”Җв”Җв”Җв”Җв”Җв”¬в”Җв”Җв”Җв”Җв”Җв”¬в”Җв”Җв”Җв”Җв”Җв”¬в”Җв”Җв”Җв”¬в”Җв”Җв”Җв”Җв”Җв”¬в”Җв”Җв”Җв”Җв”Җв”¬в”Җв”Җв”Җв”Җв”Җв”¬в”Җв”Җв”Җв”Җв”Җв”җ
в”Ӯ ref в”Ҷ ref в”Ҷ ref в”Ҷ cur в”Ҷ вҖҰ в”Ҷ lat в”Ҷ req в”Ҷ err в”Ҷ lat в”Ӯ
в”Ӯ ere в”Ҷ ere в”Ҷ ere в”Ҷ ren в”Ҷ   в”Ҷ enc в”Ҷ ues в”Ҷ ors в”Ҷ enc в”Ӯ
в”Ӯ nce в”Ҷ nce в”Ҷ nce в”Ҷ t_a в”Ҷ   в”Ҷ y_m в”Ҷ ts_ в”Ҷ _is в”Ҷ y_i в”Ӯ
в”Ӯ _av в”Ҷ _av в”Ҷ _av в”Ҷ vg_ в”Ҷ   в”Ҷ ean в”Ҷ is_ в”Ҷ _dr в”Ҷ s_d в”Ӯ
в”Ӯ g_r в”Ҷ g_e в”Ҷ g_l в”Ҷ req в”Ҷ   в”Ҷ _di в”Ҷ dri в”Ҷ ift в”Ҷ rif в”Ӯ
в”Ӯ equ в”Ҷ rro в”Ҷ ate в”Ҷ ues в”Ҷ   в”Ҷ ffe в”Ҷ fti в”Ҷ ing в”Ҷ tin в”Ӯ
в”Ӯ est в”Ҷ rs  в”Ҷ ncy в”Ҷ ts  в”Ҷ   в”Ҷ ren в”Ҷ ng_ в”Ҷ _fl в”Ҷ g_f в”Ӯ
в”Ӯ s   в”Ҷ --- в”Ҷ _ms в”Ҷ --- в”Ҷ   в”Ҷ ce_ в”Ҷ fla в”Ҷ ag  в”Ҷ lag в”Ӯ
в”Ӯ --- в”Ҷ f64 в”Ҷ --- в”Ҷ f64 в”Ҷ   в”Ҷ ms  в”Ҷ g   в”Ҷ --- в”Ҷ --- в”Ӯ
в”Ӯ f64 в”Ҷ     в”Ҷ f64 в”Ҷ     в”Ҷ   в”Ҷ --- в”Ҷ --- в”Ҷ boo в”Ҷ boo в”Ӯ
в”Ӯ     в”Ҷ     в”Ҷ     в”Ҷ     в”Ҷ   в”Ҷ f64 в”Ҷ boo в”Ҷ l   в”Ҷ l   в”Ӯ
в”Ӯ     в”Ҷ     в”Ҷ     в”Ҷ     в”Ҷ   в”Ҷ     в”Ҷ l   в”Ҷ     в”Ҷ     в”Ӯ
в•һв•җв•җв•җв•җв•җв•Әв•җв•җв•җв•җв•җв•Әв•җв•җв•җв•җв•җв•Әв•җв•җв•җв•җв•җв•Әв•җв•җв•җв•Әв•җв•җв•җв•җв•җв•Әв•җв•җв•җв•җв•җв•Әв•җв•җв•җв•җв•җв•Әв•җв•җв•җв•җв•җв•Ў
в”Ӯ 128 в”Ҷ 2.3 в”Ҷ 383 в”Ҷ 164 в”Ҷ вҖҰ в”Ҷ 183 в”Ҷ tru в”Ҷ tru в”Ҷ tru в”Ӯ
в”Ӯ .3  в”Ҷ     в”Ҷ 5.0 в”Ҷ .5  в”Ҷ   в”Ҷ 5.0 в”Ҷ e   в”Ҷ e   в”Ҷ e   в”Ӯ
в””в”Җв”Җв”Җв”Җв”Җв”ҙв”Җв”Җв”Җв”Җв”Җв”ҙв”Җв”Җв”Җв”Җв”Җв”ҙв”Җв”Җв”Җв”Җв”Җв”ҙв”Җв”Җв”Җв”ҙв”Җв”Җв”Җв”Җв”Җв”ҙв”Җв”Җв”Җв”Җв”Җв”ҙв”Җв”Җв”Җв”Җв”Җв”ҙв”Җв”Җв”Җв”Җв”Җв”ҳ
2026-04-08 19:48:36 | INFO | P5 | Let's make that a bit nicer to read...
2026-04-08 19:48:36 | INFO | P5 | All remaining steps are about creating a nicer display.
2026-04-08 19:48:36 | INFO | P5 | ========================
2026-04-08 19:48:36 | INFO | P5 | Drift Detection Process: 
2026-04-08 19:48:36 | INFO | P5 | ========================
2026-04-08 19:48:36 | INFO | P5 | 1. Summarize each period with means.
2026-04-08 19:48:36 | INFO | P5 | 2. Compute difference of means.
2026-04-08 19:48:36 | INFO | P5 | 3. Flag drift if absolute difference of means exceeds a threshold.
2026-04-08 19:48:36 | INFO | P5 | ========================
2026-04-08 19:48:36 | INFO | P5 | Drift summary (one field per line):
2026-04-08 19:48:36 | INFO | P5 | reference_avg_requests: 128.3
2026-04-08 19:48:36 | INFO | P5 | reference_avg_errors: 2.3
2026-04-08 19:48:36 | INFO | P5 | reference_avg_latency_ms: 3835.0
2026-04-08 19:48:36 | INFO | P5 | current_avg_requests: 164.5
2026-04-08 19:48:36 | INFO | P5 | current_avg_errors: 6.3
2026-04-08 19:48:36 | INFO | P5 | current_avg_latency_ms: 5670.0
2026-04-08 19:48:36 | INFO | P5 | requests_mean_difference: 36.2
2026-04-08 19:48:36 | INFO | P5 | errors_mean_difference: 4.0
2026-04-08 19:48:36 | INFO | P5 | latency_mean_difference_ms: 1835.0
2026-04-08 19:48:36 | INFO | P5 | requests_is_drifting_flag: True
2026-04-08 19:48:36 | INFO | P5 | errors_is_drifting_flag: True
2026-04-08 19:48:36 | INFO | P5 | latency_is_drifting_flag: True
2026-04-08 19:48:36 | INFO | P5 | Wrote long summary file: C:\Repos\cintel-05-drift-detection\artifacts\drift_summary_long_case.csv
2026-04-08 19:48:36 | INFO | P5 | ========================
2026-04-08 19:48:36 | INFO | P5 | Pipeline executed successfully!
2026-04-08 19:48:36 | INFO | P5 | ========================
2026-04-08 19:48:36 | INFO | P5 | END main()
